<?xml version="1.0" encoding="UTF-8"?>
<testng-results ignored="0" total="1" passed="1" failed="0" skipped="0">
  <reporter-output>
  </reporter-output>
  <suite started-at="2021-03-04T08:16:36 IST" name="Test Suite" finished-at="2021-03-04T08:16:36 IST" duration-ms="34">
    <groups>
    </groups>
    <test started-at="2021-03-04T08:16:36 IST" name="Maven test" finished-at="2021-03-04T08:16:36 IST" duration-ms="34">
      <class name="TestMaven.Checkmaven">
        <test-method signature="Test1()[pri:0, instance:TestMaven.Checkmaven@55182842]" started-at="2021-03-04T08:16:36 IST" name="Test1" finished-at="2021-03-04T08:16:36 IST" duration-ms="4" status="PASS">
          <reporter-output>
          </reporter-output>
        </test-method> <!-- Test1 -->
      </class> <!-- TestMaven.Checkmaven -->
    </test> <!-- Maven test -->
  </suite> <!-- Test Suite -->
</testng-results>
